<?xml version="1.0" encoding="UTF-8"?>
<testng-results ignored="0" total="2" passed="2" failed="0" skipped="0">
  <reporter-output>
  </reporter-output>
  <suite started-at="2022-01-23T23:47:18 IST" name="Suite" finished-at="2022-01-23T23:47:23 IST" duration-ms="5195">
    <groups>
    </groups>
    <test started-at="2022-01-23T23:47:18 IST" name="Test" finished-at="2022-01-23T23:47:23 IST" duration-ms="5195">
      <class name="com.test.actions.testSample">
        <test-method signature="testLoginEdge()[pri:0, instance:com.test.actions.testSample@343570b7]" started-at="2022-01-23T23:47:18 IST" name="testLoginEdge" finished-at="2022-01-23T23:47:23 IST" duration-ms="5152" status="PASS">
          <reporter-output>
          </reporter-output>
        </test-method> <!-- testLoginEdge -->
        <test-method signature="testLoginChrome()[pri:0, instance:com.test.actions.testSample@343570b7]" started-at="2022-01-23T23:47:18 IST" name="testLoginChrome" finished-at="2022-01-23T23:47:22 IST" duration-ms="4071" status="PASS">
          <reporter-output>
          </reporter-output>
        </test-method> <!-- testLoginChrome -->
      </class> <!-- com.test.actions.testSample -->
    </test> <!-- Test -->
  </suite> <!-- Suite -->
</testng-results>
